read, 1, 64 , 1, 258.77, 1748528414102734989
read, 1, 128 , 1, 381.75, 1748528414398771658
read, 1, 256 , 1, 537.49, 1748528414618769595
read, 1, 1024 , 1, 1130.75, 1748528414758894373
read, 1, 512 , 1, 768.21, 1748528414922693346
read, 4, 64 , 1, 506.46, 1748528415150824609
read, 4, 128 , 1, 746.94, 1748528415322698279
read, 4, 256 , 1, 1169.40, 1748528415474907769
read, 4, 1024 , 1, 2053.86, 1748528415587168863
read, 4, 512 , 1, 1640.89, 1748528415702693291
read, 64, 64 , 1, 1979.90, 1748528415806955278
read, 64, 128 , 1, 2350.86, 1748528415923374793
read, 64, 256 , 1, 2518.79, 1748528416036125344
read, 64, 1024 , 1, 2667.97, 1748528416163513239
read, 64, 512 , 1, 2638.77, 1748528416296744377
read, 1, 64 , 4, 940.54, 1748528416794698746
read, 1, 128 , 4, 1263.07, 1748528417174402257
read, 1, 256 , 4, 1698.52, 1748528417478623103
read, 1, 1024 , 4, 2628.61, 1748528417678432817
read, 1, 512 , 4, 2098.99, 1748528417914435065
read, 4, 64 , 4, 1629.55, 1748528418198362528
read, 4, 128 , 4, 2073.01, 1748528418490788821
read, 4, 256 , 4, 2621.40, 1748528418726400031
read, 4, 1024 , 4, 3058.69, 1748528418938379834
read, 4, 512 , 4, 2920.84, 1748528419130392155
read, 64, 64 , 4, 3008.51, 1748528419318469764
read, 64, 128 , 4, 2991.81, 1748528419514407411
read, 64, 256 , 4, 2936.56, 1748528419716457684
read, 64, 1024 , 4, 2913.83, 1748528419986519124
read, 64, 512 , 4, 2775.46, 1748528420214581266
read, 1, 64 , 32, 2586.82, 1748528421618454625
read, 1, 128 , 32, 3062.75, 1748528422786487872
read, 1, 256 , 32, 3045.45, 1748528423930700444
read, 1, 1024 , 32, 3039.27, 1748528425106485837
read, 1, 512 , 32, 3038.90, 1748528426306998546
read, 4, 64 , 32, 3055.66, 1748528427462726042
read, 4, 128 , 32, 3038.22, 1748528428634835536
read, 4, 256 , 32, 3031.29, 1748528429786556441
read, 4, 1024 , 32, 3041.98, 1748528430962571593
read, 4, 512 , 32, 3006.37, 1748528432150558654
read, 64, 64 , 32, 3022.34, 1748528433338493277
read, 64, 128 , 32, 3061.30, 1748528434503309378
read, 64, 256 , 32, 3075.41, 1748528435702380677
read, 64, 1024 , 32, 3076.62, 1748528437018087267
read, 64, 512 , 32, 3076.40, 1748528438240049718
write, 1, 64 , 1, 68.98, 1748528439722808773
write, 1, 128 , 1, 123.40, 1748528440566703636
write, 1, 256 , 1, 285.88, 1748528440950717486
write, 1, 1024 , 1, 2397.74, 1748528441054622398
write, 1, 512 , 1, 1561.78, 1748528441194683067
write, 4, 64 , 1, 287.34, 1748528441590715441
write, 4, 128 , 1, 1574.99, 1748528441718680031
write, 4, 256 , 1, 2465.09, 1748528441814674087
write, 4, 1024 , 1, 4076.44, 1748528441922619643
write, 4, 512 , 1, 3261.42, 1748528442026595516
write, 64, 64 , 1, 4086.75, 1748528442106539857
write, 64, 128 , 1, 4337.87, 1748528442206618179
write, 64, 256 , 1, 4660.16, 1748528442299547160
write, 64, 1024 , 1, 4824.42, 1748528442425479130
write, 64, 512 , 1, 4941.55, 1748528442539935413
write, 1, 64 , 4, 162.96, 1748528445050480011
write, 1, 128 , 4, 334.50, 1748528446318695586
write, 1, 256 , 4, 843.08, 1748528446850418200
write, 1, 1024 , 4, 4972.49, 1748528446994388568
write, 1, 512 , 4, 4508.97, 1748528447150461362
write, 4, 64 , 4, 814.79, 1748528447678372880
write, 4, 128 , 4, 4409.18, 1748528447838405433
write, 4, 256 , 4, 4988.63, 1748528447974375006
write, 4, 1024 , 4, 5118.00, 1748528448150394049
write, 4, 512 , 4, 5112.48, 1748528448330370519
write, 64, 64 , 4, 5116.71, 1748528448486400914
write, 64, 128 , 4, 5251.61, 1748528448626459768
write, 64, 256 , 4, 5296.85, 1748528448768374970
write, 64, 1024 , 4, 5126.51, 1748528448969761788
write, 64, 512 , 4, 5183.05, 1748528449125627832
write, 1, 64 , 32, 381.83, 1748528457626535669
write, 1, 128 , 32, 827.43, 1748528461590953770
write, 1, 256 , 32, 1468.33, 1748528463854770350
write, 1, 1024 , 32, 2402.22, 1748528465274473055
write, 1, 512 , 32, 2386.00, 1748528466694674847
write, 4, 64 , 32, 1467.89, 1748528468958530658
write, 4, 128 , 32, 2398.37, 1748528470378530036
write, 4, 256 , 32, 2399.60, 1748528471802708430
write, 4, 1024 , 32, 3921.22, 1748528472714424205
write, 4, 512 , 32, 3248.67, 1748528473802449742
write, 64, 64 , 32, 3937.11, 1748528474734491527
write, 64, 128 , 32, 3655.86, 1748528475758815395
write, 64, 256 , 32, 2847.94, 1748528477026116220
write, 64, 1024 , 32, 2889.12, 1748528478396274803
write, 64, 512 , 32, 2931.72, 1748528479666523253
